{
  "RSpec": {
    "coverage": {
      "/Users/leonlinton/Desktop/Projects/GildedRose-Refactoring-Kata/spec/gilded_rose_spec.rb": [
        1,
        null,
        1,
        13,
        13,
        13,
        13,
        13,
        13,
        13,
        null,
        null,
        1,
        1,
        1,
        1,
        null,
        null,
        1,
        1,
        1,
        1,
        1,
        1,
        null,
        null,
        1,
        1,
        1,
        1,
        null,
        null,
        1,
        1,
        1,
        1,
        1,
        1,
        null,
        null,
        1,
        1,
        1,
        1,
        null,
        null,
        1,
        1,
        1,
        null,
        null,
        1,
        1,
        1,
        1,
        1,
        1,
        1,
        1,
        null,
        null,
        1,
        1,
        1,
        null,
        null,
        1,
        1,
        1,
        null,
        null,
        1,
        1,
        1,
        1,
        null,
        null,
        1,
        1,
        1,
        1,
        null,
        null,
        1,
        1,
        1,
        1,
        null,
        null,
        null
      ],
      "/Users/leonlinton/Desktop/Projects/GildedRose-Refactoring-Kata/lib/gilded_rose.rb": [
        1,
        null,
        1,
        null,
        1,
        12,
        null,
        null,
        1,
        12,
        60,
        36,
        35,
        23,
        null,
        null,
        null,
        24,
        22,
        22,
        11,
        3,
        3,
        null,
        null,
        11,
        2,
        2,
        null,
        null,
        null,
        null,
        null,
        60,
        48,
        null,
        60,
        3,
        3,
        2,
        2,
        2,
        null,
        null,
        null,
        1,
        null,
        null,
        0,
        0,
        null,
        null,
        null,
        null,
        null,
        null,
        null,
        1,
        1,
        null,
        1,
        60,
        60,
        60,
        null,
        null,
        1,
        0,
        null,
        null
      ]
    },
    "timestamp": 1564649798
  }
}
